<?xml version="1.0" encoding="UTF-8"?>
<!-- Generated by org.testng.reporters.JUnitXMLReporter -->
<testsuite ignored="0" hostname="CherryBlossom" failures="0" tests="3" name="Default test" time="42.121" errors="0" timestamp="2023-04-02T20:36:50 IST">
  <testcase classname="utils.ExcelDataProvider" name="test" time="25.058"/>
  <testcase classname="utils.ExcelDataProvider" name="test" time="6.698"/>
  <testcase classname="utils.ExcelDataProvider" name="test" time="6.754"/>
</testsuite> <!-- Default test -->
