<?xml version="1.0" encoding="UTF-8"?>
<testng-results ignored="0" total="3" passed="3" failed="0" skipped="0">
  <reporter-output>
  </reporter-output>
  <suite started-at="2023-04-02T20:36:08 IST" name="Default suite" finished-at="2023-04-02T20:36:50 IST" duration-ms="42121">
    <groups>
    </groups>
    <test started-at="2023-04-02T20:36:08 IST" name="Default test" finished-at="2023-04-02T20:36:50 IST" duration-ms="42121">
      <class name="utils.ExcelDataProvider">
        <test-method is-config="true" signature="setUpTest()[pri:0, instance:utils.ExcelDataProvider@248e319b]" started-at="2023-04-02T20:36:08 IST" name="setUpTest" finished-at="2023-04-02T20:36:11 IST" duration-ms="3144" status="PASS">
          <reporter-output>
          </reporter-output>
        </test-method> <!-- setUpTest -->
        <test-method signature="test(java.lang.String,java.lang.String)[pri:0, instance:utils.ExcelDataProvider@248e319b]" started-at="2023-04-02T20:36:11 IST" name="test" data-provider="loginData" finished-at="2023-04-02T20:36:36 IST" duration-ms="25058" status="PASS">
          <params>
            <param index="0">
              <value>
                <![CDATA[admin]]>
              </value>
            </param>
            <param index="1">
              <value>
                <![CDATA[pwd123]]>
              </value>
            </param>
          </params>
          <reporter-output>
          </reporter-output>
        </test-method> <!-- test -->
        <test-method signature="test(java.lang.String,java.lang.String)[pri:0, instance:utils.ExcelDataProvider@248e319b]" started-at="2023-04-02T20:36:36 IST" name="test" data-provider="loginData" finished-at="2023-04-02T20:36:43 IST" duration-ms="6698" status="PASS">
          <params>
            <param index="0">
              <value>
                <![CDATA[admin1]]>
              </value>
            </param>
            <param index="1">
              <value>
                <![CDATA[pwd321]]>
              </value>
            </param>
          </params>
          <reporter-output>
          </reporter-output>
        </test-method> <!-- test -->
        <test-method signature="test(java.lang.String,java.lang.String)[pri:0, instance:utils.ExcelDataProvider@248e319b]" started-at="2023-04-02T20:36:43 IST" name="test" data-provider="loginData" finished-at="2023-04-02T20:36:50 IST" duration-ms="6754" status="PASS">
          <params>
            <param index="0">
              <value>
                <![CDATA[admin2]]>
              </value>
            </param>
            <param index="1">
              <value>
                <![CDATA[pwd111]]>
              </value>
            </param>
          </params>
          <reporter-output>
          </reporter-output>
        </test-method> <!-- test -->
      </class> <!-- utils.ExcelDataProvider -->
    </test> <!-- Default test -->
  </suite> <!-- Default suite -->
</testng-results>
